INFO:root:usedid: 457180576 time: 2021-02-04 11:35:13.504282 message: Тест
INFO:root:usedid: 457180576 time: 2021-02-04 20:08:19.497204 message: Гусев
INFO:root:usedid: 457180576 time: 2021-02-04 20:11:17.415329 message: Гусев
INFO:root:usedid: 457180576 time: 2021-02-04 20:11:47.812505 message: Гусев
INFO:root:usedid: 457180576 time: 2021-02-04 20:16:11.804245 message: Гусев
INFO:root:usedid: 457180576 time: 2021-02-04 20:20:19.085930 message: Гусев
INFO:root:usedid: 457180576 time: 2021-02-04 20:20:35.629786 message: Акиева
INFO:root:usedid: 457180576 time: 2021-02-04 20:22:04.278118 message: Акиева
INFO:root:usedid: 457180576 time: 2021-02-04 20:24:35.196874 message: Акиева
INFO:root:usedid: 457180576 time: 2021-02-04 20:26:36.391265 message: Акиева
INFO:root:usedid: 457180576 time: 2021-02-04 20:32:28.618479 message: Гусев
INFO:root:usedid: 457180576 time: 2021-02-04 20:35:05.306941 message: Акиева
INFO:root:usedid: 457180576 time: 2021-02-04 20:35:22.263257 message: АКИЕВА
INFO:root:usedid: 457180576 time: 2021-02-04 20:35:40.350678 message: АКИЕВА
INFO:root:usedid: 457180576 time: 2021-02-04 20:37:01.975763 message: АКИЕВА
INFO:root:usedid: 457180576 time: 2021-02-04 20:38:43.099995 message: АКИЕВА
INFO:root:usedid: 457180576 time: 2021-02-04 20:39:17.533358 message: АКИЕВА
INFO:root:usedid: 457180576 time: 2021-02-04 20:40:02.889813 message: АКИЕВА
INFO:root:usedid: 457180576 time: 2021-02-04 20:44:41.868106 message: АКИЕВА
INFO:root:usedid: 457180576 time: 2021-02-04 20:55:04.201344 message: Акиеыа
INFO:root:usedid: 457180576 time: 2021-02-04 21:06:38.106298 message: АКИЕВА
INFO:root:usedid: 457180576 time: 2021-02-04 21:06:50.417603 message: Акиева
INFO:root:usedid: 457180576 time: 2021-02-04 21:07:05.159814 message: АКИЕВА
INFO:root:usedid: 457180576 time: 2021-02-04 21:08:36.178567 message: АКИЕВА
INFO:root:usedid: 457180576 time: 2021-02-04 21:11:00.811396 message: АКИЕВА
INFO:root:usedid: 457180576 time: 2021-02-04 21:14:58.711670 message: АКИЕВА
INFO:root:usedid: 457180576 time: 2021-02-04 21:15:22.895711 message: Наталья
INFO:root:usedid: 457180576 time: 2021-02-04 21:17:58.289861 message: * Наталья
INFO:root:usedid: 457180576 time: 2021-02-04 21:18:43.452907 message: Акимова
INFO:root:usedid: 457180576 time: 2021-02-04 21:18:58.697914 message: Акимова
INFO:root:usedid: 457180576 time: 2021-02-04 21:20:56.695619 message: Акимова
INFO:root:usedid: 457180576 time: 2021-02-04 21:22:28.000378 message: Акимова
INFO:root:usedid: 457180576 time: 2021-02-04 21:22:35.685594 message: Гусев
INFO:root:usedid: 457180576 time: 2021-02-04 21:22:44.065844 message: Екатерина
INFO:root:usedid: 457180576 time: 2021-02-04 21:22:53.957537 message: * Екатерина
INFO:root:usedid: 457180576 time: 2021-02-04 21:23:15.573093 message: Гусев*Александрович
INFO:root:usedid: 457180576 time: 2021-02-04 21:23:37.074471 message: ***
INFO:root:usedid: 457180576 time: 2021-02-04 21:23:51.864737 message: Паршин * * * 1996
INFO:root:usedid: 457180576 time: 2021-02-04 21:24:04.211189 message: Паршин * * 1992
INFO:root:usedid: 457180576 time: 2021-02-04 21:24:07.534288 message: Паршин
INFO:root:usedid: 457180576 time: 2021-02-04 21:24:18.214485 message: Паршин **1966
INFO:root:usedid: 457180576 time: 2021-02-04 21:25:29.993241 message: Гусев
INFO:root:usedid: 457180576 time: 2021-02-04 21:29:40.549131 message: Гусев
INFO:root:usedid: 457180576 time: 2021-02-04 21:30:53.015208 message: Гусев
INFO:root:usedid: 457180576 time: 2021-02-04 21:31:06.247894 message: Гусев Александр
INFO:root:usedid: 457180576 time: 2021-02-04 21:31:18.993702 message: Гусев * Иванович
INFO:root:usedid: 457180576 time: 2021-02-04 21:34:15.178894 message: Гусев
INFO:root:usedid: 457180576 time: 2021-02-04 21:34:17.913892 message: Олег
INFO:root:usedid: 457180576 time: 2021-02-04 21:37:30.371300 message: Гусев
INFO:root:usedid: 457180576 time: 2021-02-04 21:37:40.336724 message: ***1994
INFO:root:usedid: 283126393 time: 2021-02-04 21:38:05.081037 message: Паршин
INFO:root:usedid: 283126393 time: 2021-02-04 21:40:18.486136 message: Рыжова Анна
INFO:root:usedid: 457180576 time: 2021-02-04 21:41:31.178942 message: Рындин
INFO:root:usedid: 283126393 time: 2021-02-04 21:42:33.640583 message: Рыжова Валентина Васильевна
INFO:root:usedid: 283126393 time: 2021-02-04 21:42:59.123539 message: Керножицская
INFO:root:usedid: 283126393 time: 2021-02-04 21:43:09.371748 message: Керножицкая
INFO:root:usedid: 283126393 time: 2021-02-04 21:47:38.254313 message: Верига
INFO:root:usedid: 283126393 time: 2021-02-04 21:47:42.950551 message: Ченина
INFO:root:usedid: 283126393 time: 2021-02-04 21:54:05.286943 message: ***1945
INFO:root:used_id: 457180576 time: 2021-02-05 12:14:25.573083 message: Гусев ** 95
INFO:root:used_id: 283126393 time: 2021-02-05 12:20:56.612743 message: Кваша
INFO:root:used_id: 457180576 time: 2021-02-05 12:22:42.966476 message: Гусев **
INFO:root:used_id: 457180576 time: 2021-02-05 12:23:20.820662 message: Гусев ** 95
INFO:root:used_id: 457180576 time: 2021-02-05 12:26:21.759892 message: Гусев ** 1995
INFO:root:used_id: 457180576 time: 2021-02-05 12:26:35.116986 message: Гусев ** 03.03.1995
INFO:root:used_id: 457180576 time: 2021-02-05 12:28:16.491901 message: Гусев ** 03.03.1995
INFO:root:used_id: 457180576 time: 2021-02-05 12:32:03.199579 message: Гусев ** 03.03.1995
INFO:root:used_id: 457180576 time: 2021-02-05 12:35:21.394392 message: Гусев ** 03.03.1995
INFO:root:used_id: 457180576 time: 2021-02-05 12:37:42.154008 message: Гусев ** 03.03.1995
INFO:root:used_id: 457180576 time: 2021-02-05 12:37:52.395530 message: Гусев ** 1995
INFO:root:used_id: 457180576 time: 2021-02-05 12:38:02.810564 message: Гусев**1995
INFO:root:used_id: 457180576 time: 2021-02-05 12:38:19.691731 message: Гусев**03.03 1995
INFO:root:used_id: 457180576 time: 2021-02-05 12:38:36.733076 message: Гусев**03.03.1995
INFO:root:used_id: 457180576 time: 2021-02-05 12:51:54.220061 message: ***95
INFO:root:used_id: 457180576 time: 2021-02-05 12:52:18.497848 message: ***1995
INFO:root:used_id: 457180576 time: 2021-02-05 12:52:40.374936 message: ***28.06.1995
INFO:root:used_id: 457180576 time: 2021-02-05 12:56:02.526964 message: ***28.06.1995
INFO:root:used_id: 457180576 time: 2021-02-05 12:57:27.227857 message: ***28.06.1995
INFO:root:used_id: 457180576 time: 2021-02-05 12:59:18.563746 message: ***28.06.1995
